<?xml version="1.0" encoding="UTF-8"?>
<testng-results ignored="0" total="1" passed="1" failed="0" skipped="0">
  <reporter-output>
  </reporter-output>
  <suite started-at="2020-10-17T16:07:42 IST" name="Default suite" finished-at="2020-10-17T16:07:47 IST" duration-ms="5181">
    <groups>
    </groups>
    <test started-at="2020-10-17T16:07:42 IST" name="Default test" finished-at="2020-10-17T16:07:47 IST" duration-ms="5181">
      <class name="automation_google.NewTest">
        <test-method is-config="true" signature="inital()[pri:0, instance:automation_google.NewTest@1329eff]" started-at="2020-10-17T16:07:42 IST" name="inital" finished-at="2020-10-17T16:07:44 IST" duration-ms="2240" status="PASS">
          <reporter-output>
          </reporter-output>
        </test-method> <!-- inital -->
        <test-method signature="googleopentest()[pri:0, instance:automation_google.NewTest@1329eff]" started-at="2020-10-17T16:07:44 IST" name="googleopentest" finished-at="2020-10-17T16:07:47 IST" duration-ms="2792" status="PASS">
          <reporter-output>
          </reporter-output>
        </test-method> <!-- googleopentest -->
        <test-method is-config="true" signature="teardown()[pri:0, instance:automation_google.NewTest@1329eff]" started-at="2020-10-17T16:07:47 IST" name="teardown" finished-at="2020-10-17T16:07:47 IST" duration-ms="99" status="PASS">
          <reporter-output>
          </reporter-output>
        </test-method> <!-- teardown -->
      </class> <!-- automation_google.NewTest -->
    </test> <!-- Default test -->
  </suite> <!-- Default suite -->
</testng-results>
